<?xml version="1.0" encoding="UTF-8"?>
<!-- Generated by org.testng.reporters.JUnitXMLReporter -->
<testsuite ignored="0" hostname="DESKTOP-JJRCSR3" failures="0" tests="3" name="Test1" time="10.919" errors="0" timestamp="2023-11-13T12:03:06 IST">
  <testcase classname="com.obsqura.test.LoginTest" name="verifyUserIsAbleToLoginWithIncorrectUserNameAndPassword" time="1.964"/>
  <testcase classname="com.obsqura.test.LoginTest" name="verifyUserIsAbleToLoginWithIncorrectUserNameAndPassword" time="0.565"/>
  <testcase classname="com.obsqura.test.LoginTest" name="verifyUserIsAbleToLoginWithCorrectUserNameAndPassword" time="1.827"/>
</testsuite> <!-- Test1 -->
