<?xml version="1.0" encoding="UTF-8"?>
<!-- Generated by org.testng.reporters.JUnitXMLReporter -->
<testsuite ignored="0" hostname="DESKTOP-JJRCSR3" failures="0" tests="4" name="Test3" time="50.103" errors="0" timestamp="2023-11-13T12:04:11 IST">
  <testcase classname="com.obsqura.test.ManageExpenseTest" name="verifyUserIsAbleToCreateNewExpense" time="14.877"/>
  <testcase classname="com.obsqura.test.ManageExpenseTest" name="verifyUserIsAbleToEditExpense" time="13.369"/>
  <testcase classname="com.obsqura.test.ManageExpenseTest" name="verifyUserIsAbleToDeleteExpense" time="11.104"/>
  <testcase classname="com.obsqura.test.ManageExpenseTest" name="verifyUserIsAbleToGetResultNotFoundMessage" time="7.646"/>
</testsuite> <!-- Test3 -->
