<?xml version="1.0" encoding="UTF-8"?>
<!-- Generated by org.testng.reporters.JUnitXMLReporter -->
<testsuite ignored="3" hostname="DESKTOP-JJRCSR3" failures="0" tests="1" name="Default test" time="18.302" errors="0" timestamp="2023-11-17T19:48:34 IST">
  <testcase classname="com.obsqura.test.ManageExpenseTest" name="verifyUserIsAbleToCreateNewExpense" time="9.29"/>
  <testcase classname="com.obsqura.test.ManageExpenseTest" name="verifyUserIsAbleToDeleteExpense" time="0.0">
    <ignored/>
  </testcase> <!-- verifyUserIsAbleToDeleteExpense -->
  <testcase classname="com.obsqura.test.ManageExpenseTest" name="verifyUserIsAbleToEditExpense" time="0.0">
    <ignored/>
  </testcase> <!-- verifyUserIsAbleToEditExpense -->
  <testcase classname="com.obsqura.test.ManageExpenseTest" name="verifyUserIsAbleToGetResultNotFoundMessage" time="0.0">
    <ignored/>
  </testcase> <!-- verifyUserIsAbleToGetResultNotFoundMessage -->
</testsuite> <!-- Default test -->
