<?xml version="1.0" encoding="UTF-8"?>
<testng-results ignored="3" total="4" passed="1" failed="0" skipped="0">
  <reporter-output>
  </reporter-output>
  <suite started-at="2023-11-17T19:48:15 IST" name="Default suite" finished-at="2023-11-17T19:48:34 IST" duration-ms="18302">
    <groups>
      <group name="smoke">
        <method signature="ManageExpenseTest.verifyUserIsAbleToCreateNewExpense()[pri:0, instance:com.obsqura.test.ManageExpenseTest@618b19ad]" name="verifyUserIsAbleToCreateNewExpense" class="com.obsqura.test.ManageExpenseTest"/>
      </group> <!-- smoke -->
    </groups>
    <test started-at="2023-11-17T19:48:15 IST" name="Default test" finished-at="2023-11-17T19:48:34 IST" duration-ms="18302">
      <class name="com.obsqura.test.ManageExpenseTest">
        <test-method is-config="true" signature="initializeDriver()[pri:0, instance:com.obsqura.test.ManageExpenseTest@618b19ad]" started-at="2023-11-17T19:48:15 IST" name="initializeDriver" finished-at="2023-11-17T19:48:24 IST" duration-ms="8938" status="PASS">
          <reporter-output>
          </reporter-output>
        </test-method> <!-- initializeDriver -->
        <test-method signature="verifyUserIsAbleToCreateNewExpense()[pri:0, instance:com.obsqura.test.ManageExpenseTest@618b19ad]" started-at="2023-11-17T19:48:24 IST" name="verifyUserIsAbleToCreateNewExpense" finished-at="2023-11-17T19:48:34 IST" duration-ms="9290" status="PASS">
          <reporter-output>
          </reporter-output>
        </test-method> <!-- verifyUserIsAbleToCreateNewExpense -->
      </class> <!-- com.obsqura.test.ManageExpenseTest -->
    </test> <!-- Default test -->
  </suite> <!-- Default suite -->
</testng-results>
